
Dec 17, 2020 10:44:11.98 NEW SESSION
Dec 17, 2020 10:44:11.98 [9104:2316:1217/104411.979:ERROR:device_event_log_impl.cc(211)] [10:44:11.979] USB: usb_device_handle_win.cc:1020 Failed to read descriptor from node connection: A device attached to the system is not functioning. (0x1F)
Dec 17, 2020 10:50:39.12 [1217/105039.096:ERROR:directory_reader_win.cc(43)] FindFirstFile: The system cannot find the path specified. (0x3)
Dec 17, 2020 10:52:16.87 [9104:2316:1217/105216.877:ERROR:device_event_log_impl.cc(211)] [10:52:16.877] USB: usb_service_win.cc:258 Failed to get device driver name: Element not found. (0x490)

Dec 17, 2020 14:00:10.72 NEW SESSION
Dec 17, 2020 14:00:10.72 [5636:4580:1217/140010.551:ERROR:backend_impl.cc(1041)] Critical error found -8
Dec 17, 2020 14:00:22.69 [5636:2552:1217/140022.698:ERROR:device_event_log_impl.cc(211)] [14:00:22.699] USB: usb_device_handle_win.cc:1020 Failed to read descriptor from node connection: A device attached to the system is not functioning. (0x1F)
Dec 17, 2020 14:00:28.35 [5636:1652:1217/140028.351:ERROR:connection_factory_impl.cc(428)] Failed to connect to MCS endpoint with error -106
Dec 17, 2020 14:00:57.24 [5636:1652:1217/140057.247:ERROR:connection_factory_impl.cc(428)] Failed to connect to MCS endpoint with error -106
Dec 17, 2020 14:01:54.79 [5636:1652:1217/140154.793:ERROR:connection_factory_impl.cc(428)] Failed to connect to MCS endpoint with error -106
Dec 17, 2020 14:03:15.76 [5636:1652:1217/140315.767:ERROR:connection_factory_impl.cc(428)] Failed to connect to MCS endpoint with error -106
Dec 17, 2020 14:07:08.93 [5636:1652:1217/140708.936:ERROR:connection_factory_impl.cc(428)] Failed to connect to MCS endpoint with error -106
Dec 17, 2020 14:08:03.00 [5636:2552:1217/140803.002:ERROR:device_event_log_impl.cc(211)] [14:08:03.002] USB: usb_service_win.cc:258 Failed to get device driver name: Element not found. (0x490)
Dec 17, 2020 14:09:12.61 [1217/140912.616:ERROR:directory_reader_win.cc(43)] FindFirstFile: The system cannot find the path specified. (0x3)
Dec 17, 2020 14:12:47.97 [5636:1652:1217/141247.972:ERROR:connection_factory_impl.cc(428)] Failed to connect to MCS endpoint with error -106
Dec 17, 2020 14:22:47.97 [5636:1652:1217/142247.973:ERROR:connection_factory_impl.cc(428)] Failed to connect to MCS endpoint with error -106
Dec 17, 2020 14:32:47.97 [5636:1652:1217/143247.979:ERROR:connection_factory_impl.cc(428)] Failed to connect to MCS endpoint with error -106
Dec 17, 2020 14:42:47.98 [5636:1652:1217/144247.983:ERROR:connection_factory_impl.cc(428)] Failed to connect to MCS endpoint with error -106
Dec 17, 2020 14:46:21.67 [5636:1652:1217/144621.671:ERROR:connection_factory_impl.cc(428)] Failed to connect to MCS endpoint with error -105
Dec 17, 2020 15:03:58.58 [5636:1652:1217/150358.582:ERROR:connection_factory_impl.cc(428)] Failed to connect to MCS endpoint with error -106
Dec 17, 2020 15:04:20.77 [5636:1652:1217/150420.773:ERROR:connection_factory_impl.cc(428)] Failed to connect to MCS endpoint with error -106
Dec 17, 2020 15:05:10.83 [5636:1652:1217/150510.833:ERROR:connection_factory_impl.cc(428)] Failed to connect to MCS endpoint with error -106
Dec 17, 2020 15:06:59.61 [5636:1652:1217/150659.610:ERROR:connection_factory_impl.cc(428)] Failed to connect to MCS endpoint with error -106
Dec 17, 2020 15:10:01.78 [5636:1652:1217/151001.785:ERROR:connection_factory_impl.cc(428)] Failed to connect to MCS endpoint with error -106
Dec 17, 2020 15:15:24.47 [5636:1652:1217/151524.474:ERROR:connection_factory_impl.cc(428)] Failed to connect to MCS endpoint with error -106
Dec 17, 2020 15:25:24.47 [5636:1652:1217/152524.478:ERROR:connection_factory_impl.cc(428)] Failed to connect to MCS endpoint with error -106
Dec 17, 2020 15:35:24.48 [5636:1652:1217/153524.486:ERROR:connection_factory_impl.cc(428)] Failed to connect to MCS endpoint with error -106
Dec 17, 2020 15:45:24.49 [5636:1652:1217/154524.493:ERROR:connection_factory_impl.cc(428)] Failed to connect to MCS endpoint with error -106
Dec 17, 2020 15:55:24.50 [5636:1652:1217/155524.504:ERROR:connection_factory_impl.cc(428)] Failed to connect to MCS endpoint with error -106
Dec 17, 2020 16:05:24.52 [5636:1652:1217/160524.520:ERROR:connection_factory_impl.cc(428)] Failed to connect to MCS endpoint with error -106
Dec 17, 2020 16:15:24.53 [5636:1652:1217/161524.539:ERROR:connection_factory_impl.cc(428)] Failed to connect to MCS endpoint with error -106
Dec 17, 2020 16:25:24.54 [5636:1652:1217/162524.548:ERROR:connection_factory_impl.cc(428)] Failed to connect to MCS endpoint with error -106
Dec 17, 2020 16:35:24.56 [5636:1652:1217/163524.566:ERROR:connection_factory_impl.cc(428)] Failed to connect to MCS endpoint with error -106
Dec 18, 2020 07:13:47.76 [5636:1652:1218/071251.721:ERROR:connection_factory_impl.cc(428)] Failed to connect to MCS endpoint with error -105
Dec 18, 2020 07:13:47.90 [5636:1652:1218/071303.889:ERROR:connection_factory_impl.cc(428)] Failed to connect to MCS endpoint with error -105
Dec 18, 2020 07:13:47.90 [5636:1652:1218/071305.944:ERROR:connection_factory_impl.cc(428)] Failed to connect to MCS endpoint with error -106
Dec 18, 2020 07:37:51.68 [1652:2720:1218/073751.650:ERROR:device_event_log_impl.cc(211)] [07:37:51.650] USB: usb_device_handle_win.cc:1020 Failed to read descriptor from node connection: A device attached to the system is not functioning. (0x1F)
Dec 18, 2020 07:37:51.72 [1652:2720:1218/073751.666:ERROR:device_event_log_impl.cc(211)] [07:37:51.652] USB: usb_device_handle_win.cc:1020 Failed to read descriptor from node connection: A device attached to the system is not functioning. (0x1F)
Dec 18, 2020 07:47:21.43 [1218/074721.419:ERROR:directory_reader_win.cc(43)] FindFirstFile: The system cannot find the path specified. (0x3)
Dec 18, 2020 09:00:40.30 [1652:5088:1218/090039.543:ERROR:connection_factory_impl.cc(428)] Failed to connect to MCS endpoint with error -106
Dec 18, 2020 09:01:04.27 [1652:5088:1218/090104.277:ERROR:connection_factory_impl.cc(428)] Failed to connect to MCS endpoint with error -105
